
*** Running vivado
    with args -log calc_pc_0_0.vds -m64 -product Vivado -mode batch -messageDb vivado.pb -notrace -source calc_pc_0_0.tcl


****** Vivado v2018.2.2 (64-bit)
  **** SW Build 2348494 on Mon Oct  1 18:25:39 MDT 2018
  **** IP Build 2318053 on Mon Oct  1 21:44:26 MDT 2018
    ** Copyright 1986-2018 Xilinx, Inc. All Rights Reserved.

source calc_pc_0_0.tcl -notrace
Command: synth_design -top calc_pc_0_0 -part xc7k70tfbv676-1 -mode out_of_context
Starting synth_design
Attempting to get a license for feature 'Synthesis' and/or device 'xc7k70t'
INFO: [Common 17-349] Got license for feature 'Synthesis' and/or device 'xc7k70t'
INFO: Launching helper process for spawning children vivado processes
INFO: Helper process launched with PID 1622 
---------------------------------------------------------------------------------
Starting Synthesize : Time (s): cpu = 00:00:03 ; elapsed = 00:00:06 . Memory (MB): peak = 1294.902 ; gain = 87.805 ; free physical = 951 ; free virtual = 10274
---------------------------------------------------------------------------------
INFO: [Synth 8-6157] synthesizing module 'calc_pc_0_0' [/home/hedhyw/Development/GraduateWork/MIPS/mips.srcs/sources_1/bd/calc/ip/calc_pc_0_0/synth/calc_pc_0_0.v:58]
INFO: [Synth 8-6157] synthesizing module 'pc' [/home/hedhyw/Development/GraduateWork/MIPS/mips.srcs/sources_1/new/pc.v:3]
INFO: [Synth 8-6155] done synthesizing module 'pc' (1#1) [/home/hedhyw/Development/GraduateWork/MIPS/mips.srcs/sources_1/new/pc.v:3]
INFO: [Synth 8-6155] done synthesizing module 'calc_pc_0_0' (2#1) [/home/hedhyw/Development/GraduateWork/MIPS/mips.srcs/sources_1/bd/calc/ip/calc_pc_0_0/synth/calc_pc_0_0.v:58]
---------------------------------------------------------------------------------
Finished Synthesize : Time (s): cpu = 00:00:05 ; elapsed = 00:00:08 . Memory (MB): peak = 1338.527 ; gain = 131.430 ; free physical = 873 ; free virtual = 10193
---------------------------------------------------------------------------------
---------------------------------------------------------------------------------
Finished Constraint Validation : Time (s): cpu = 00:00:05 ; elapsed = 00:00:08 . Memory (MB): peak = 1338.527 ; gain = 131.430 ; free physical = 906 ; free virtual = 10226
---------------------------------------------------------------------------------
---------------------------------------------------------------------------------
Start Loading Part and Timing Information
---------------------------------------------------------------------------------
Loading part: xc7k70tfbv676-1
---------------------------------------------------------------------------------
Finished Loading Part and Timing Information : Time (s): cpu = 00:00:05 ; elapsed = 00:00:08 . Memory (MB): peak = 1338.527 ; gain = 131.430 ; free physical = 906 ; free virtual = 10226
---------------------------------------------------------------------------------
---------------------------------------------------------------------------------
Finished RTL Optimization Phase 2 : Time (s): cpu = 00:00:05 ; elapsed = 00:00:08 . Memory (MB): peak = 1346.535 ; gain = 139.438 ; free physical = 893 ; free virtual = 10214
---------------------------------------------------------------------------------
INFO: [Device 21-403] Loading part xc7k70tfbv676-1

Report RTL Partitions: 
+-+--------------+------------+----------+
| |RTL Partition |Replication |Instances |
+-+--------------+------------+----------+
+-+--------------+------------+----------+
No constraint files found.
---------------------------------------------------------------------------------
Start RTL Component Statistics 
---------------------------------------------------------------------------------
Detailed RTL Component Info : 
+---Adders : 
	   2 Input      4 Bit       Adders := 1     
+---Registers : 
	                4 Bit    Registers := 1     
+---Muxes : 
	   2 Input      4 Bit        Muxes := 1     
	   2 Input      1 Bit        Muxes := 1     
---------------------------------------------------------------------------------
Finished RTL Component Statistics 
---------------------------------------------------------------------------------
---------------------------------------------------------------------------------
Start RTL Hierarchical Component Statistics 
---------------------------------------------------------------------------------
Hierarchical RTL Component report 
Module pc 
Detailed RTL Component Info : 
+---Adders : 
	   2 Input      4 Bit       Adders := 1     
+---Registers : 
	                4 Bit    Registers := 1     
+---Muxes : 
	   2 Input      4 Bit        Muxes := 1     
	   2 Input      1 Bit        Muxes := 1     
---------------------------------------------------------------------------------
Finished RTL Hierarchical Component Statistics
---------------------------------------------------------------------------------
---------------------------------------------------------------------------------
Start Part Resource Summary
---------------------------------------------------------------------------------
Part Resources:
DSPs: 240 (col length:80)
BRAMs: 270 (col length: RAMB18 80 RAMB36 40)
---------------------------------------------------------------------------------
Finished Part Resource Summary
---------------------------------------------------------------------------------
No constraint files found.
---------------------------------------------------------------------------------
Start Cross Boundary and Area Optimization
---------------------------------------------------------------------------------
Warning: Parallel synthesis criteria is not met 
---------------------------------------------------------------------------------
Finished Cross Boundary and Area Optimization : Time (s): cpu = 00:00:17 ; elapsed = 00:00:47 . Memory (MB): peak = 1455.496 ; gain = 248.398 ; free physical = 479 ; free virtual = 9807
---------------------------------------------------------------------------------

Report RTL Partitions: 
+-+--------------+------------+----------+
| |RTL Partition |Replication |Instances |
+-+--------------+------------+----------+
+-+--------------+------------+----------+
No constraint files found.
---------------------------------------------------------------------------------
Start Timing Optimization
---------------------------------------------------------------------------------
---------------------------------------------------------------------------------
Finished Timing Optimization : Time (s): cpu = 00:00:17 ; elapsed = 00:00:47 . Memory (MB): peak = 1455.496 ; gain = 248.398 ; free physical = 468 ; free virtual = 9795
---------------------------------------------------------------------------------

Report RTL Partitions: 
+-+--------------+------------+----------+
| |RTL Partition |Replication |Instances |
+-+--------------+------------+----------+
+-+--------------+------------+----------+
---------------------------------------------------------------------------------
Start Technology Mapping
---------------------------------------------------------------------------------
---------------------------------------------------------------------------------
Finished Technology Mapping : Time (s): cpu = 00:00:17 ; elapsed = 00:00:47 . Memory (MB): peak = 1455.496 ; gain = 248.398 ; free physical = 467 ; free virtual = 9794
---------------------------------------------------------------------------------

Report RTL Partitions: 
+-+--------------+------------+----------+
| |RTL Partition |Replication |Instances |
+-+--------------+------------+----------+
+-+--------------+------------+----------+
---------------------------------------------------------------------------------
Start IO Insertion
---------------------------------------------------------------------------------
---------------------------------------------------------------------------------
Start Flattening Before IO Insertion
---------------------------------------------------------------------------------
---------------------------------------------------------------------------------
Finished Flattening Before IO Insertion
---------------------------------------------------------------------------------
---------------------------------------------------------------------------------
Start Final Netlist Cleanup
---------------------------------------------------------------------------------
---------------------------------------------------------------------------------
Finished Final Netlist Cleanup
---------------------------------------------------------------------------------
---------------------------------------------------------------------------------
Finished IO Insertion : Time (s): cpu = 00:00:18 ; elapsed = 00:00:48 . Memory (MB): peak = 1455.496 ; gain = 248.398 ; free physical = 381 ; free virtual = 9709
---------------------------------------------------------------------------------

Report Check Netlist: 
+------+------------------+-------+---------+-------+------------------+
|      |Item              |Errors |Warnings |Status |Description       |
+------+------------------+-------+---------+-------+------------------+
|1     |multi_driven_nets |      0|        0|Passed |Multi driven nets |
+------+------------------+-------+---------+-------+------------------+
---------------------------------------------------------------------------------
Start Renaming Generated Instances
---------------------------------------------------------------------------------
---------------------------------------------------------------------------------
Finished Renaming Generated Instances : Time (s): cpu = 00:00:18 ; elapsed = 00:00:48 . Memory (MB): peak = 1455.496 ; gain = 248.398 ; free physical = 381 ; free virtual = 9709
---------------------------------------------------------------------------------

Report RTL Partitions: 
+-+--------------+------------+----------+
| |RTL Partition |Replication |Instances |
+-+--------------+------------+----------+
+-+--------------+------------+----------+
---------------------------------------------------------------------------------
Start Rebuilding User Hierarchy
---------------------------------------------------------------------------------
---------------------------------------------------------------------------------
Finished Rebuilding User Hierarchy : Time (s): cpu = 00:00:18 ; elapsed = 00:00:48 . Memory (MB): peak = 1455.496 ; gain = 248.398 ; free physical = 381 ; free virtual = 9709
---------------------------------------------------------------------------------
---------------------------------------------------------------------------------
Start Renaming Generated Ports
---------------------------------------------------------------------------------
---------------------------------------------------------------------------------
Finished Renaming Generated Ports : Time (s): cpu = 00:00:18 ; elapsed = 00:00:48 . Memory (MB): peak = 1455.496 ; gain = 248.398 ; free physical = 380 ; free virtual = 9708
---------------------------------------------------------------------------------
---------------------------------------------------------------------------------
Start Handling Custom Attributes
---------------------------------------------------------------------------------
---------------------------------------------------------------------------------
Finished Handling Custom Attributes : Time (s): cpu = 00:00:18 ; elapsed = 00:00:48 . Memory (MB): peak = 1455.496 ; gain = 248.398 ; free physical = 380 ; free virtual = 9708
---------------------------------------------------------------------------------
---------------------------------------------------------------------------------
Start Renaming Generated Nets
---------------------------------------------------------------------------------
---------------------------------------------------------------------------------
Finished Renaming Generated Nets : Time (s): cpu = 00:00:18 ; elapsed = 00:00:48 . Memory (MB): peak = 1455.496 ; gain = 248.398 ; free physical = 380 ; free virtual = 9708
---------------------------------------------------------------------------------
---------------------------------------------------------------------------------
Start Writing Synthesis Report
---------------------------------------------------------------------------------

Report BlackBoxes: 
+-+--------------+----------+
| |BlackBox name |Instances |
+-+--------------+----------+
+-+--------------+----------+

Report Cell Usage: 
+------+-----+------+
|      |Cell |Count |
+------+-----+------+
|1     |LUT2 |     1|
|2     |LUT3 |     1|
|3     |LUT4 |     1|
|4     |LUT5 |     1|
|5     |LUT6 |     1|
|6     |FDCE |     4|
+------+-----+------+

Report Instance Areas: 
+------+---------+-------+------+
|      |Instance |Module |Cells |
+------+---------+-------+------+
|1     |top      |       |     9|
|2     |  inst   |pc     |     9|
+------+---------+-------+------+
---------------------------------------------------------------------------------
Finished Writing Synthesis Report : Time (s): cpu = 00:00:18 ; elapsed = 00:00:48 . Memory (MB): peak = 1455.496 ; gain = 248.398 ; free physical = 380 ; free virtual = 9708
---------------------------------------------------------------------------------
Synthesis finished with 0 errors, 0 critical warnings and 0 warnings.
Synthesis Optimization Runtime : Time (s): cpu = 00:00:18 ; elapsed = 00:00:48 . Memory (MB): peak = 1455.496 ; gain = 248.398 ; free physical = 382 ; free virtual = 9709
Synthesis Optimization Complete : Time (s): cpu = 00:00:18 ; elapsed = 00:00:48 . Memory (MB): peak = 1455.504 ; gain = 248.398 ; free physical = 381 ; free virtual = 9709
INFO: [Project 1-571] Translating synthesized netlist
INFO: [Project 1-570] Preparing netlist for logic optimization
INFO: [Opt 31-138] Pushed 0 inverter(s) to 0 load pin(s).
INFO: [Project 1-111] Unisim Transformation Summary:
No Unisim elements were transformed.

INFO: [Common 17-83] Releasing license: Synthesis
11 Infos, 0 Warnings, 0 Critical Warnings and 0 Errors encountered.
synth_design completed successfully
synth_design: Time (s): cpu = 00:00:23 ; elapsed = 00:00:52 . Memory (MB): peak = 1563.531 ; gain = 368.082 ; free physical = 245 ; free virtual = 9572
WARNING: [Constraints 18-5210] No constraint will be written out.
INFO: [Timing 38-35] Done setting XDC timing constraints.
INFO: [Common 17-1381] The checkpoint '/home/hedhyw/Development/GraduateWork/MIPS/mips.runs/calc_pc_0_0_synth_1/calc_pc_0_0.dcp' has been generated.
write_checkpoint: Time (s): cpu = 00:00:20 ; elapsed = 00:00:47 . Memory (MB): peak = 1993.113 ; gain = 429.582 ; free physical = 143 ; free virtual = 8758
WARNING: [Constraints 18-5210] No constraint will be written out.
INFO: [Common 17-1381] The checkpoint '/home/hedhyw/Development/GraduateWork/MIPS/mips.runs/calc_pc_0_0_synth_1/calc_pc_0_0.dcp' has been generated.
INFO: [runtcl-4] Executing : report_utilization -file calc_pc_0_0_utilization_synth.rpt -pb calc_pc_0_0_utilization_synth.pb
report_utilization: Time (s): cpu = 00:00:00.22 ; elapsed = 00:00:00.35 . Memory (MB): peak = 1993.113 ; gain = 0.000 ; free physical = 200 ; free virtual = 8535
INFO: [Common 17-206] Exiting Vivado at Thu Feb 21 08:05:09 2019...
