
*** Running vivado
    with args -log calc_mem_0_0.vds -m64 -product Vivado -mode batch -messageDb vivado.pb -notrace -source calc_mem_0_0.tcl


****** Vivado v2018.2.2 (64-bit)
  **** SW Build 2348494 on Mon Oct  1 18:25:39 MDT 2018
  **** IP Build 2318053 on Mon Oct  1 21:44:26 MDT 2018
    ** Copyright 1986-2018 Xilinx, Inc. All Rights Reserved.

source calc_mem_0_0.tcl -notrace
Command: synth_design -top calc_mem_0_0 -part xc7k70tfbv676-1 -mode out_of_context
Starting synth_design
Attempting to get a license for feature 'Synthesis' and/or device 'xc7k70t'
INFO: [Common 17-349] Got license for feature 'Synthesis' and/or device 'xc7k70t'
INFO: Launching helper process for spawning children vivado processes
INFO: Helper process launched with PID 13718 
---------------------------------------------------------------------------------
Starting Synthesize : Time (s): cpu = 00:00:03 ; elapsed = 00:00:06 . Memory (MB): peak = 1295.395 ; gain = 87.805 ; free physical = 2807 ; free virtual = 11339
---------------------------------------------------------------------------------
INFO: [Synth 8-6157] synthesizing module 'calc_mem_0_0' [/home/hedhyw/Development/GraduateWork/MIPS/mips.srcs/sources_1/bd/calc/ip/calc_mem_0_0/synth/calc_mem_0_0.v:58]
INFO: [Synth 8-6157] synthesizing module 'mem' [/home/hedhyw/Development/GraduateWork/MIPS/mips.srcs/sources_1/new/mem.v:7]
INFO: [Synth 8-6155] done synthesizing module 'mem' (1#1) [/home/hedhyw/Development/GraduateWork/MIPS/mips.srcs/sources_1/new/mem.v:7]
INFO: [Synth 8-6155] done synthesizing module 'calc_mem_0_0' (2#1) [/home/hedhyw/Development/GraduateWork/MIPS/mips.srcs/sources_1/bd/calc/ip/calc_mem_0_0/synth/calc_mem_0_0.v:58]
---------------------------------------------------------------------------------
Finished Synthesize : Time (s): cpu = 00:00:05 ; elapsed = 00:00:08 . Memory (MB): peak = 1338.020 ; gain = 130.430 ; free physical = 2780 ; free virtual = 11312
---------------------------------------------------------------------------------
---------------------------------------------------------------------------------
Finished Constraint Validation : Time (s): cpu = 00:00:05 ; elapsed = 00:00:08 . Memory (MB): peak = 1338.020 ; gain = 130.430 ; free physical = 2764 ; free virtual = 11296
---------------------------------------------------------------------------------
---------------------------------------------------------------------------------
Start Loading Part and Timing Information
---------------------------------------------------------------------------------
Loading part: xc7k70tfbv676-1
---------------------------------------------------------------------------------
Finished Loading Part and Timing Information : Time (s): cpu = 00:00:05 ; elapsed = 00:00:08 . Memory (MB): peak = 1338.020 ; gain = 130.430 ; free physical = 2764 ; free virtual = 11295
INFO: [Device 21-403] Loading part xc7k70tfbv676-1
---------------------------------------------------------------------------------
---------------------------------------------------------------------------------
Finished RTL Optimization Phase 2 : Time (s): cpu = 00:00:05 ; elapsed = 00:00:08 . Memory (MB): peak = 1346.027 ; gain = 138.438 ; free physical = 2804 ; free virtual = 11336
---------------------------------------------------------------------------------

Report RTL Partitions: 
+-+--------------+------------+----------+
| |RTL Partition |Replication |Instances |
+-+--------------+------------+----------+
+-+--------------+------------+----------+
No constraint files found.
---------------------------------------------------------------------------------
Start RTL Component Statistics 
---------------------------------------------------------------------------------
Detailed RTL Component Info : 
+---Registers : 
	               16 Bit    Registers := 1     
+---Muxes : 
	   2 Input     16 Bit        Muxes := 1     
	   6 Input     16 Bit        Muxes := 1     
---------------------------------------------------------------------------------
Finished RTL Component Statistics 
---------------------------------------------------------------------------------
---------------------------------------------------------------------------------
Start RTL Hierarchical Component Statistics 
---------------------------------------------------------------------------------
Hierarchical RTL Component report 
Module mem 
Detailed RTL Component Info : 
+---Registers : 
	               16 Bit    Registers := 1     
+---Muxes : 
	   2 Input     16 Bit        Muxes := 1     
	   6 Input     16 Bit        Muxes := 1     
---------------------------------------------------------------------------------
Finished RTL Hierarchical Component Statistics
---------------------------------------------------------------------------------
---------------------------------------------------------------------------------
Start Part Resource Summary
---------------------------------------------------------------------------------
Part Resources:
DSPs: 240 (col length:80)
BRAMs: 270 (col length: RAMB18 80 RAMB36 40)
---------------------------------------------------------------------------------
Finished Part Resource Summary
---------------------------------------------------------------------------------
No constraint files found.
---------------------------------------------------------------------------------
Start Cross Boundary and Area Optimization
---------------------------------------------------------------------------------
Warning: Parallel synthesis criteria is not met 
INFO: [Synth 8-3886] merging instance 'inst/data_frame_reg[3]' (FDE) to 'inst/data_frame_reg[15]'
INFO: [Synth 8-3886] merging instance 'inst/data_frame_reg[6]' (FDE) to 'inst/data_frame_reg[15]'
INFO: [Synth 8-3886] merging instance 'inst/data_frame_reg[7]' (FDE) to 'inst/data_frame_reg[15]'
INFO: [Synth 8-3886] merging instance 'inst/data_frame_reg[9]' (FDE) to 'inst/data_frame_reg[15]'
INFO: [Synth 8-3886] merging instance 'inst/data_frame_reg[10]' (FDE) to 'inst/data_frame_reg[15]'
INFO: [Synth 8-3886] merging instance 'inst/data_frame_reg[11]' (FDE) to 'inst/data_frame_reg[15]'
INFO: [Synth 8-3886] merging instance 'inst/data_frame_reg[12]' (FDE) to 'inst/data_frame_reg[13]'
INFO: [Synth 8-3333] propagating constant 0 across sequential element (\inst/data_frame_reg[15] )
INFO: [Synth 8-3332] Sequential element (inst/data_frame_reg[15]) is unused and will be removed from module calc_mem_0_0.
---------------------------------------------------------------------------------
Finished Cross Boundary and Area Optimization : Time (s): cpu = 00:00:15 ; elapsed = 00:00:40 . Memory (MB): peak = 1454.988 ; gain = 247.398 ; free physical = 2590 ; free virtual = 11120
---------------------------------------------------------------------------------

Report RTL Partitions: 
+-+--------------+------------+----------+
| |RTL Partition |Replication |Instances |
+-+--------------+------------+----------+
+-+--------------+------------+----------+
No constraint files found.
---------------------------------------------------------------------------------
Start Timing Optimization
---------------------------------------------------------------------------------
---------------------------------------------------------------------------------
Finished Timing Optimization : Time (s): cpu = 00:00:15 ; elapsed = 00:00:40 . Memory (MB): peak = 1454.988 ; gain = 247.398 ; free physical = 2578 ; free virtual = 11109
---------------------------------------------------------------------------------

Report RTL Partitions: 
+-+--------------+------------+----------+
| |RTL Partition |Replication |Instances |
+-+--------------+------------+----------+
+-+--------------+------------+----------+
---------------------------------------------------------------------------------
Start Technology Mapping
---------------------------------------------------------------------------------
---------------------------------------------------------------------------------
Finished Technology Mapping : Time (s): cpu = 00:00:15 ; elapsed = 00:00:40 . Memory (MB): peak = 1454.988 ; gain = 247.398 ; free physical = 2573 ; free virtual = 11104
---------------------------------------------------------------------------------

Report RTL Partitions: 
+-+--------------+------------+----------+
| |RTL Partition |Replication |Instances |
+-+--------------+------------+----------+
+-+--------------+------------+----------+
---------------------------------------------------------------------------------
Start IO Insertion
---------------------------------------------------------------------------------
---------------------------------------------------------------------------------
Start Flattening Before IO Insertion
---------------------------------------------------------------------------------
---------------------------------------------------------------------------------
Finished Flattening Before IO Insertion
---------------------------------------------------------------------------------
---------------------------------------------------------------------------------
Start Final Netlist Cleanup
---------------------------------------------------------------------------------
---------------------------------------------------------------------------------
Finished Final Netlist Cleanup
---------------------------------------------------------------------------------
---------------------------------------------------------------------------------
Finished IO Insertion : Time (s): cpu = 00:00:16 ; elapsed = 00:00:41 . Memory (MB): peak = 1454.988 ; gain = 247.398 ; free physical = 2542 ; free virtual = 11072
---------------------------------------------------------------------------------

Report Check Netlist: 
+------+------------------+-------+---------+-------+------------------+
|      |Item              |Errors |Warnings |Status |Description       |
+------+------------------+-------+---------+-------+------------------+
|1     |multi_driven_nets |      0|        0|Passed |Multi driven nets |
+------+------------------+-------+---------+-------+------------------+
---------------------------------------------------------------------------------
Start Renaming Generated Instances
---------------------------------------------------------------------------------
---------------------------------------------------------------------------------
Finished Renaming Generated Instances : Time (s): cpu = 00:00:16 ; elapsed = 00:00:41 . Memory (MB): peak = 1454.988 ; gain = 247.398 ; free physical = 2542 ; free virtual = 11072
---------------------------------------------------------------------------------

Report RTL Partitions: 
+-+--------------+------------+----------+
| |RTL Partition |Replication |Instances |
+-+--------------+------------+----------+
+-+--------------+------------+----------+
---------------------------------------------------------------------------------
Start Rebuilding User Hierarchy
---------------------------------------------------------------------------------
---------------------------------------------------------------------------------
Finished Rebuilding User Hierarchy : Time (s): cpu = 00:00:16 ; elapsed = 00:00:41 . Memory (MB): peak = 1454.988 ; gain = 247.398 ; free physical = 2542 ; free virtual = 11072
---------------------------------------------------------------------------------
---------------------------------------------------------------------------------
Start Renaming Generated Ports
---------------------------------------------------------------------------------
---------------------------------------------------------------------------------
Finished Renaming Generated Ports : Time (s): cpu = 00:00:16 ; elapsed = 00:00:41 . Memory (MB): peak = 1454.988 ; gain = 247.398 ; free physical = 2542 ; free virtual = 11072
---------------------------------------------------------------------------------
---------------------------------------------------------------------------------
Start Handling Custom Attributes
---------------------------------------------------------------------------------
---------------------------------------------------------------------------------
Finished Handling Custom Attributes : Time (s): cpu = 00:00:16 ; elapsed = 00:00:41 . Memory (MB): peak = 1454.988 ; gain = 247.398 ; free physical = 2542 ; free virtual = 11072
---------------------------------------------------------------------------------
---------------------------------------------------------------------------------
Start Renaming Generated Nets
---------------------------------------------------------------------------------
---------------------------------------------------------------------------------
Finished Renaming Generated Nets : Time (s): cpu = 00:00:16 ; elapsed = 00:00:41 . Memory (MB): peak = 1454.988 ; gain = 247.398 ; free physical = 2541 ; free virtual = 11072
---------------------------------------------------------------------------------
---------------------------------------------------------------------------------
Start Writing Synthesis Report
---------------------------------------------------------------------------------

Report BlackBoxes: 
+-+--------------+----------+
| |BlackBox name |Instances |
+-+--------------+----------+
+-+--------------+----------+

Report Cell Usage: 
+------+-----+------+
|      |Cell |Count |
+------+-----+------+
|1     |LUT2 |     5|
|2     |LUT3 |     1|
|3     |FDRE |     8|
+------+-----+------+

Report Instance Areas: 
+------+---------+-------+------+
|      |Instance |Module |Cells |
+------+---------+-------+------+
|1     |top      |       |    14|
|2     |  inst   |mem    |    14|
+------+---------+-------+------+
---------------------------------------------------------------------------------
Finished Writing Synthesis Report : Time (s): cpu = 00:00:16 ; elapsed = 00:00:41 . Memory (MB): peak = 1454.988 ; gain = 247.398 ; free physical = 2541 ; free virtual = 11072
---------------------------------------------------------------------------------
Synthesis finished with 0 errors, 0 critical warnings and 0 warnings.
Synthesis Optimization Runtime : Time (s): cpu = 00:00:16 ; elapsed = 00:00:41 . Memory (MB): peak = 1454.988 ; gain = 247.398 ; free physical = 2542 ; free virtual = 11072
Synthesis Optimization Complete : Time (s): cpu = 00:00:16 ; elapsed = 00:00:41 . Memory (MB): peak = 1454.996 ; gain = 247.398 ; free physical = 2541 ; free virtual = 11071
INFO: [Project 1-571] Translating synthesized netlist
INFO: [Project 1-570] Preparing netlist for logic optimization
INFO: [Opt 31-138] Pushed 0 inverter(s) to 0 load pin(s).
INFO: [Project 1-111] Unisim Transformation Summary:
No Unisim elements were transformed.

INFO: [Common 17-83] Releasing license: Synthesis
20 Infos, 0 Warnings, 0 Critical Warnings and 0 Errors encountered.
synth_design completed successfully
synth_design: Time (s): cpu = 00:00:21 ; elapsed = 00:00:44 . Memory (MB): peak = 1564.023 ; gain = 369.082 ; free physical = 2466 ; free virtual = 10997
WARNING: [Constraints 18-5210] No constraint will be written out.
INFO: [Timing 38-35] Done setting XDC timing constraints.
INFO: [Common 17-1381] The checkpoint '/home/hedhyw/Development/GraduateWork/MIPS/mips.runs/calc_mem_0_0_synth_1/calc_mem_0_0.dcp' has been generated.
write_checkpoint: Time (s): cpu = 00:00:18 ; elapsed = 00:00:39 . Memory (MB): peak = 2010.605 ; gain = 446.582 ; free physical = 1918 ; free virtual = 10451
WARNING: [Constraints 18-5210] No constraint will be written out.
INFO: [Common 17-1381] The checkpoint '/home/hedhyw/Development/GraduateWork/MIPS/mips.runs/calc_mem_0_0_synth_1/calc_mem_0_0.dcp' has been generated.
INFO: [runtcl-4] Executing : report_utilization -file calc_mem_0_0_utilization_synth.rpt -pb calc_mem_0_0_utilization_synth.pb
report_utilization: Time (s): cpu = 00:00:00.14 ; elapsed = 00:00:00.20 . Memory (MB): peak = 2010.605 ; gain = 0.000 ; free physical = 1893 ; free virtual = 10426
INFO: [Common 17-206] Exiting Vivado at Thu Feb 21 10:15:13 2019...
